<?xml version="1.0" ?>
<gbp-test-manifest>
	<project name="gbp-test">
		<branch name="master" revision="cbbe5a0a5308ca74ddb306ed781d26fc3a918afd"/>
		<branch name="upstream" revision="6450890aa002b0868537ee50cc1aea177fdcc941"/>
	</project>
	<project name="gbp-test-native2">
		<branch name="master" revision="3da6930adaaef1cf7c67c97244d72a4aaef13f00"/>
	</project>
	<project name="gbp-test-native">
		<branch name="master" revision="1b89d1d93044b12e4adc102f7c30feaabc41ba58"/>
	</project>
	<project name="gbp-test2">
		<branch name="master-orphan" revision="33c84e86148c3707d2880f439529074296f03d29"/>
		<branch name="master" revision="cd2763432f4ad93b29c6f22aee7f623552156a81"/>
		<branch name="upstream" revision="6dccee0ab7689e5ae446d39535138ea39a88e70c"/>
	</project>
</gbp-test-manifest>
